ERROR [org.apache.catalina.util.LifecycleBase] at org.apache.catalina.connector.Connector.startInternal(Connector.java:1008): Protocol handler start failed
at sun.nio.ch.Net.bind0(Native Method): Address already in use: bind
ERROR [org.springframework.boot.diagnostics.LoggingFailureAnalysisReporter] ***************************
APPLICATION FAILED TO START
***************************
Description:
The Tomcat connector configured to listen on port 8080 failed to start. The port may already be in use or the connector may be misconfigured.
Action:
Verify the connector's configuration, identify and stop any process that's listening on port 8080, or configure this application to listen on another port.
WARN [com.zaxxer.hikari.pool.HikariPool] {} - Thread starvation or clock leap detected (housekeeper delta={}).
ERROR [org.apache.catalina.util.LifecycleBase] at org.apache.catalina.connector.Connector.startInternal(Connector.java:1008): Protocol handler start failed
at sun.nio.ch.Net.bind0(Native Method): Address already in use: bind
ERROR [org.springframework.boot.diagnostics.LoggingFailureAnalysisReporter] ***************************
APPLICATION FAILED TO START
***************************
Description:
The Tomcat connector configured to listen on port 8080 failed to start. The port may already be in use or the connector may be misconfigured.
Action:
Verify the connector's configuration, identify and stop any process that's listening on port 8080, or configure this application to listen on another port.
ERROR [org.apache.jsp.META_002dINF.views.framework.panic_jsp] HTTP GET /acme-jobs/META-INF/views/framework/page.jsp HTTP/1.1
ERROR [org.apache.jsp.META_002dINF.views.framework.panic_jsp] Status: 500
ERROR [org.apache.jsp.META_002dINF.views.framework.panic_jsp] Exception: acme.framework.helpers.Assert.state(Assert.java:40): Access is not authorised
ERROR [org.apache.jsp.META_002dINF.views.framework.panic_jsp] HTTP GET /acme-jobs/META-INF/views/framework/page.jsp HTTP/1.1
ERROR [org.apache.jsp.META_002dINF.views.framework.panic_jsp] Status: 500
ERROR [org.apache.jsp.META_002dINF.views.framework.panic_jsp] Exception: acme.framework.helpers.Assert.state(Assert.java:40): Access is not authorised
ERROR [org.apache.jsp.META_002dINF.views.framework.panic_jsp] HTTP GET /acme-jobs/META-INF/views/framework/page.jsp HTTP/1.1
ERROR [org.apache.jsp.META_002dINF.views.framework.panic_jsp] Status: 500
ERROR [org.apache.jsp.META_002dINF.views.framework.panic_jsp] Exception: acme.framework.helpers.Assert.state(Assert.java:40): Access is not authorised
WARN [com.zaxxer.hikari.pool.HikariPool] {} - Thread starvation or clock leap detected (housekeeper delta={}).
ERROR [org.apache.catalina.core.ContainerBase.[Tomcat].[localhost].[/acme-jobs].[jsp]] at org.apache.jasper.compiler.DefaultErrorHandler.javacError(DefaultErrorHandler.java:103): Unable to compile class for JSP: 
An error occurred at line: [17] in the generated java file: [C:\Users\Javier\AppData\Local\Temp\tomcat.6938272551689036859.8080\work\Tomcat\localhost\acme-jobs\org\apache\jsp\META_002dINF\views\framework\page_jsp.java]
Only a type can be imported. acme.entities.banner.Banner resolves to a package
An error occurred at line: [46] in the jsp file: [/META-INF/views/framework/../master/footer.jsp]
Banner cannot be resolved to a type
43: <%@ page import='acme.entities.banner.Banner' %>
44: 
45: <%
46: 	Banner banner = (Banner) request.getAttribute("banner");
47: 	String imageUrl = banner.getBanner();
48: %>
49: 
An error occurred at line: [46] in the jsp file: [/META-INF/views/framework/../master/footer.jsp]
Banner cannot be resolved to a type
43: <%@ page import='acme.entities.banner.Banner' %>
44: 
45: <%
46: 	Banner banner = (Banner) request.getAttribute("banner");
47: 	String imageUrl = banner.getBanner();
48: %>
49:
ERROR [org.apache.catalina.core.ContainerBase.[Tomcat].[localhost].[/acme-jobs].[dispatcherServlet]] at org.apache.jasper.compiler.DefaultErrorHandler.javacError(DefaultErrorHandler.java:103): Unable to compile class for JSP: 
An error occurred at line: [17] in the generated java file: [C:\Users\Javier\AppData\Local\Temp\tomcat.6938272551689036859.8080\work\Tomcat\localhost\acme-jobs\org\apache\jsp\META_002dINF\views\framework\page_jsp.java]
Only a type can be imported. acme.entities.banner.Banner resolves to a package
An error occurred at line: [46] in the jsp file: [/META-INF/views/framework/../master/footer.jsp]
Banner cannot be resolved to a type
43: <%@ page import='acme.entities.banner.Banner' %>
44: 
45: <%
46: 	Banner banner = (Banner) request.getAttribute("banner");
47: 	String imageUrl = banner.getBanner();
48: %>
49: 
An error occurred at line: [46] in the jsp file: [/META-INF/views/framework/../master/footer.jsp]
Banner cannot be resolved to a type
43: <%@ page import='acme.entities.banner.Banner' %>
44: 
45: <%
46: 	Banner banner = (Banner) request.getAttribute("banner");
47: 	String imageUrl = banner.getBanner();
48: %>
49:
ERROR [org.apache.catalina.core.ContainerBase.[Tomcat].[localhost].[/acme-jobs].[jsp]] at org.apache.jasper.compiler.DefaultErrorHandler.javacError(DefaultErrorHandler.java:103): Unable to compile class for JSP: 
An error occurred at line: [17] in the generated java file: [C:\Users\Javier\AppData\Local\Temp\tomcat.6938272551689036859.8080\work\Tomcat\localhost\acme-jobs\org\apache\jsp\META_002dINF\views\framework\page_jsp.java]
Only a type can be imported. acme.entities.banner.Banner resolves to a package
An error occurred at line: [46] in the jsp file: [/META-INF/views/framework/../master/footer.jsp]
Banner cannot be resolved to a type
43: <%@ page import='acme.entities.banner.Banner' %>
44: 
45: <%
46: 	Banner banner = (Banner) request.getAttribute("banner");
47: 	String imageUrl = banner.getBanner();
48: %>
49: 
An error occurred at line: [46] in the jsp file: [/META-INF/views/framework/../master/footer.jsp]
Banner cannot be resolved to a type
43: <%@ page import='acme.entities.banner.Banner' %>
44: 
45: <%
46: 	Banner banner = (Banner) request.getAttribute("banner");
47: 	String imageUrl = banner.getBanner();
48: %>
49:
ERROR [org.apache.catalina.core.ContainerBase.[Tomcat].[localhost].[/acme-jobs].[dispatcherServlet]] at org.apache.jasper.compiler.DefaultErrorHandler.javacError(DefaultErrorHandler.java:103): Unable to compile class for JSP: 
An error occurred at line: [17] in the generated java file: [C:\Users\Javier\AppData\Local\Temp\tomcat.6938272551689036859.8080\work\Tomcat\localhost\acme-jobs\org\apache\jsp\META_002dINF\views\framework\page_jsp.java]
Only a type can be imported. acme.entities.banner.Banner resolves to a package
An error occurred at line: [46] in the jsp file: [/META-INF/views/framework/../master/footer.jsp]
Banner cannot be resolved to a type
43: <%@ page import='acme.entities.banner.Banner' %>
44: 
45: <%
46: 	Banner banner = (Banner) request.getAttribute("banner");
47: 	String imageUrl = banner.getBanner();
48: %>
49: 
An error occurred at line: [46] in the jsp file: [/META-INF/views/framework/../master/footer.jsp]
Banner cannot be resolved to a type
43: <%@ page import='acme.entities.banner.Banner' %>
44: 
45: <%
46: 	Banner banner = (Banner) request.getAttribute("banner");
47: 	String imageUrl = banner.getBanner();
48: %>
49:
ERROR [org.apache.catalina.core.ContainerBase.[Tomcat].[localhost]] at org.springframework.web.servlet.FrameworkServlet.processRequest(FrameworkServlet.java:1013): Request processing failed; nested exception is org.apache.tiles.request.render.CannotRenderException: ServletException including path '/META-INF/views/framework/page.jsp'.
at org.apache.tiles.impl.BasicTilesContainer.render(BasicTilesContainer.java:399): ServletException including path '/META-INF/views/framework/page.jsp'.
at org.apache.tiles.request.servlet.ServletUtil.wrapServletException(ServletUtil.java:63): ServletException including path '/META-INF/views/framework/page.jsp'.
at org.apache.jasper.compiler.DefaultErrorHandler.javacError(DefaultErrorHandler.java:103): Unable to compile class for JSP: 
An error occurred at line: [17] in the generated java file: [C:\Users\Javier\AppData\Local\Temp\tomcat.6938272551689036859.8080\work\Tomcat\localhost\acme-jobs\org\apache\jsp\META_002dINF\views\framework\page_jsp.java]
Only a type can be imported. acme.entities.banner.Banner resolves to a package
An error occurred at line: [46] in the jsp file: [/META-INF/views/framework/../master/footer.jsp]
Banner cannot be resolved to a type
43: <%@ page import='acme.entities.banner.Banner' %>
44: 
45: <%
46: 	Banner banner = (Banner) request.getAttribute("banner");
47: 	String imageUrl = banner.getBanner();
48: %>
49: 
An error occurred at line: [46] in the jsp file: [/META-INF/views/framework/../master/footer.jsp]
Banner cannot be resolved to a type
43: <%@ page import='acme.entities.banner.Banner' %>
44: 
45: <%
46: 	Banner banner = (Banner) request.getAttribute("banner");
47: 	String imageUrl = banner.getBanner();
48: %>
49:
ERROR [org.apache.catalina.core.ContainerBase.[Tomcat].[localhost].[/acme-jobs].[jsp]] at java.net.URLClassLoader.findClass(Unknown Source): org.apache.jsp.META_002dINF.views.framework.page_jsp
ERROR [org.apache.catalina.core.ContainerBase.[Tomcat].[localhost].[/acme-jobs].[jsp]] at org.apache.jasper.compiler.DefaultErrorHandler.javacError(DefaultErrorHandler.java:103): Unable to compile class for JSP: 
An error occurred at line: [17] in the generated java file: [C:\Users\Javier\AppData\Local\Temp\tomcat.7326549818245118177.8080\work\Tomcat\localhost\acme-jobs\org\apache\jsp\META_002dINF\views\framework\page_jsp.java]
Only a type can be imported. acme.entities.banner.Banner resolves to a package
An error occurred at line: [46] in the jsp file: [/META-INF/views/framework/../master/footer.jsp]
Banner cannot be resolved to a type
43: <%@ page import='acme.entities.banner.Banner' %>
44: 
45: <%
46: 	Banner banner = (Banner) request.getAttribute("banner");
47: 	String imageUrl = banner.getBanner();
48: %>
49: 
An error occurred at line: [46] in the jsp file: [/META-INF/views/framework/../master/footer.jsp]
Banner cannot be resolved to a type
43: <%@ page import='acme.entities.banner.Banner' %>
44: 
45: <%
46: 	Banner banner = (Banner) request.getAttribute("banner");
47: 	String imageUrl = banner.getBanner();
48: %>
49:
ERROR [org.apache.catalina.core.ContainerBase.[Tomcat].[localhost].[/acme-jobs].[dispatcherServlet]] at java.net.URLClassLoader.findClass(Unknown Source): org.apache.jsp.META_002dINF.views.framework.page_jsp
ERROR [org.apache.catalina.core.ContainerBase.[Tomcat].[localhost].[/acme-jobs].[dispatcherServlet]] at org.apache.jasper.compiler.DefaultErrorHandler.javacError(DefaultErrorHandler.java:103): Unable to compile class for JSP: 
An error occurred at line: [17] in the generated java file: [C:\Users\Javier\AppData\Local\Temp\tomcat.7326549818245118177.8080\work\Tomcat\localhost\acme-jobs\org\apache\jsp\META_002dINF\views\framework\page_jsp.java]
Only a type can be imported. acme.entities.banner.Banner resolves to a package
An error occurred at line: [46] in the jsp file: [/META-INF/views/framework/../master/footer.jsp]
Banner cannot be resolved to a type
43: <%@ page import='acme.entities.banner.Banner' %>
44: 
45: <%
46: 	Banner banner = (Banner) request.getAttribute("banner");
47: 	String imageUrl = banner.getBanner();
48: %>
49: 
An error occurred at line: [46] in the jsp file: [/META-INF/views/framework/../master/footer.jsp]
Banner cannot be resolved to a type
43: <%@ page import='acme.entities.banner.Banner' %>
44: 
45: <%
46: 	Banner banner = (Banner) request.getAttribute("banner");
47: 	String imageUrl = banner.getBanner();
48: %>
49:
ERROR [org.apache.catalina.core.ContainerBase.[Tomcat].[localhost].[/acme-jobs].[jsp]] at org.apache.jasper.compiler.DefaultErrorHandler.javacError(DefaultErrorHandler.java:103): Unable to compile class for JSP: 
An error occurred at line: [17] in the generated java file: [C:\Users\Javier\AppData\Local\Temp\tomcat.7326549818245118177.8080\work\Tomcat\localhost\acme-jobs\org\apache\jsp\META_002dINF\views\framework\page_jsp.java]
Only a type can be imported. acme.entities.banner.Banner resolves to a package
An error occurred at line: [46] in the jsp file: [/META-INF/views/framework/../master/footer.jsp]
Banner cannot be resolved to a type
43: <%@ page import='acme.entities.banner.Banner' %>
44: 
45: <%
46: 	Banner banner = (Banner) request.getAttribute("banner");
47: 	String imageUrl = banner.getBanner();
48: %>
49: 
An error occurred at line: [46] in the jsp file: [/META-INF/views/framework/../master/footer.jsp]
Banner cannot be resolved to a type
43: <%@ page import='acme.entities.banner.Banner' %>
44: 
45: <%
46: 	Banner banner = (Banner) request.getAttribute("banner");
47: 	String imageUrl = banner.getBanner();
48: %>
49:
ERROR [org.apache.catalina.core.ContainerBase.[Tomcat].[localhost].[/acme-jobs].[jsp]] at org.apache.jasper.compiler.DefaultErrorHandler.javacError(DefaultErrorHandler.java:103): Unable to compile class for JSP: 
An error occurred at line: [17] in the generated java file: [C:\Users\Javier\AppData\Local\Temp\tomcat.7326549818245118177.8080\work\Tomcat\localhost\acme-jobs\org\apache\jsp\META_002dINF\views\framework\page_jsp.java]
Only a type can be imported. acme.entities.banner.Banner resolves to a package
An error occurred at line: [46] in the jsp file: [/META-INF/views/framework/../master/footer.jsp]
Banner cannot be resolved to a type
43: <%@ page import='acme.entities.banner.Banner' %>
44: 
45: <%
46: 	Banner banner = (Banner) request.getAttribute("banner");
47: 	String imageUrl = banner.getBanner();
48: %>
49: 
An error occurred at line: [46] in the jsp file: [/META-INF/views/framework/../master/footer.jsp]
Banner cannot be resolved to a type
43: <%@ page import='acme.entities.banner.Banner' %>
44: 
45: <%
46: 	Banner banner = (Banner) request.getAttribute("banner");
47: 	String imageUrl = banner.getBanner();
48: %>
49:
ERROR [org.apache.catalina.core.ContainerBase.[Tomcat].[localhost].[/acme-jobs].[dispatcherServlet]] at org.apache.jasper.compiler.DefaultErrorHandler.javacError(DefaultErrorHandler.java:103): Unable to compile class for JSP: 
An error occurred at line: [17] in the generated java file: [C:\Users\Javier\AppData\Local\Temp\tomcat.7326549818245118177.8080\work\Tomcat\localhost\acme-jobs\org\apache\jsp\META_002dINF\views\framework\page_jsp.java]
Only a type can be imported. acme.entities.banner.Banner resolves to a package
An error occurred at line: [46] in the jsp file: [/META-INF/views/framework/../master/footer.jsp]
Banner cannot be resolved to a type
43: <%@ page import='acme.entities.banner.Banner' %>
44: 
45: <%
46: 	Banner banner = (Banner) request.getAttribute("banner");
47: 	String imageUrl = banner.getBanner();
48: %>
49: 
An error occurred at line: [46] in the jsp file: [/META-INF/views/framework/../master/footer.jsp]
Banner cannot be resolved to a type
43: <%@ page import='acme.entities.banner.Banner' %>
44: 
45: <%
46: 	Banner banner = (Banner) request.getAttribute("banner");
47: 	String imageUrl = banner.getBanner();
48: %>
49:
ERROR [org.apache.catalina.core.ContainerBase.[Tomcat].[localhost].[/acme-jobs].[dispatcherServlet]] at org.apache.jasper.compiler.DefaultErrorHandler.javacError(DefaultErrorHandler.java:103): Unable to compile class for JSP: 
An error occurred at line: [17] in the generated java file: [C:\Users\Javier\AppData\Local\Temp\tomcat.7326549818245118177.8080\work\Tomcat\localhost\acme-jobs\org\apache\jsp\META_002dINF\views\framework\page_jsp.java]
Only a type can be imported. acme.entities.banner.Banner resolves to a package
An error occurred at line: [46] in the jsp file: [/META-INF/views/framework/../master/footer.jsp]
Banner cannot be resolved to a type
43: <%@ page import='acme.entities.banner.Banner' %>
44: 
45: <%
46: 	Banner banner = (Banner) request.getAttribute("banner");
47: 	String imageUrl = banner.getBanner();
48: %>
49: 
An error occurred at line: [46] in the jsp file: [/META-INF/views/framework/../master/footer.jsp]
Banner cannot be resolved to a type
43: <%@ page import='acme.entities.banner.Banner' %>
44: 
45: <%
46: 	Banner banner = (Banner) request.getAttribute("banner");
47: 	String imageUrl = banner.getBanner();
48: %>
49:
ERROR [org.apache.catalina.core.ContainerBase.[Tomcat].[localhost]] at org.springframework.web.servlet.FrameworkServlet.processRequest(FrameworkServlet.java:1013): Request processing failed; nested exception is org.apache.tiles.request.render.CannotRenderException: ServletException including path '/META-INF/views/framework/page.jsp'.
at org.apache.tiles.impl.BasicTilesContainer.render(BasicTilesContainer.java:399): ServletException including path '/META-INF/views/framework/page.jsp'.
at org.apache.tiles.request.servlet.ServletUtil.wrapServletException(ServletUtil.java:63): ServletException including path '/META-INF/views/framework/page.jsp'.
at org.apache.jasper.compiler.DefaultErrorHandler.javacError(DefaultErrorHandler.java:103): Unable to compile class for JSP: 
An error occurred at line: [17] in the generated java file: [C:\Users\Javier\AppData\Local\Temp\tomcat.7326549818245118177.8080\work\Tomcat\localhost\acme-jobs\org\apache\jsp\META_002dINF\views\framework\page_jsp.java]
Only a type can be imported. acme.entities.banner.Banner resolves to a package
An error occurred at line: [46] in the jsp file: [/META-INF/views/framework/../master/footer.jsp]
Banner cannot be resolved to a type
43: <%@ page import='acme.entities.banner.Banner' %>
44: 
45: <%
46: 	Banner banner = (Banner) request.getAttribute("banner");
47: 	String imageUrl = banner.getBanner();
48: %>
49: 
An error occurred at line: [46] in the jsp file: [/META-INF/views/framework/../master/footer.jsp]
Banner cannot be resolved to a type
43: <%@ page import='acme.entities.banner.Banner' %>
44: 
45: <%
46: 	Banner banner = (Banner) request.getAttribute("banner");
47: 	String imageUrl = banner.getBanner();
48: %>
49:
ERROR [org.apache.catalina.core.ContainerBase.[Tomcat].[localhost]] at org.springframework.web.servlet.FrameworkServlet.processRequest(FrameworkServlet.java:1013): Request processing failed; nested exception is org.apache.tiles.request.render.CannotRenderException: ServletException including path '/META-INF/views/framework/page.jsp'.
at org.apache.tiles.impl.BasicTilesContainer.render(BasicTilesContainer.java:399): ServletException including path '/META-INF/views/framework/page.jsp'.
at org.apache.tiles.request.servlet.ServletUtil.wrapServletException(ServletUtil.java:63): ServletException including path '/META-INF/views/framework/page.jsp'.
at org.apache.jasper.compiler.DefaultErrorHandler.javacError(DefaultErrorHandler.java:103): Unable to compile class for JSP: 
An error occurred at line: [17] in the generated java file: [C:\Users\Javier\AppData\Local\Temp\tomcat.7326549818245118177.8080\work\Tomcat\localhost\acme-jobs\org\apache\jsp\META_002dINF\views\framework\page_jsp.java]
Only a type can be imported. acme.entities.banner.Banner resolves to a package
An error occurred at line: [46] in the jsp file: [/META-INF/views/framework/../master/footer.jsp]
Banner cannot be resolved to a type
43: <%@ page import='acme.entities.banner.Banner' %>
44: 
45: <%
46: 	Banner banner = (Banner) request.getAttribute("banner");
47: 	String imageUrl = banner.getBanner();
48: %>
49: 
An error occurred at line: [46] in the jsp file: [/META-INF/views/framework/../master/footer.jsp]
Banner cannot be resolved to a type
43: <%@ page import='acme.entities.banner.Banner' %>
44: 
45: <%
46: 	Banner banner = (Banner) request.getAttribute("banner");
47: 	String imageUrl = banner.getBanner();
48: %>
49:
ERROR [org.apache.jsp.META_002dINF.views.framework.panic_jsp] HTTP GET /acme-jobs/META-INF/views/framework/page.jsp HTTP/1.1
ERROR [org.apache.jsp.META_002dINF.views.framework.panic_jsp] Status: 500
ERROR [org.apache.jsp.META_002dINF.views.framework.panic_jsp] Exception: java.lang.NullPointerException
ERROR [org.apache.catalina.core.ContainerBase.[Tomcat].[localhost].[/acme-jobs].[jsp]] at org.apache.jsp.META_002dINF.views.framework.page_jsp._jspService(page_jsp.java:228): java.lang.NullPointerException
ERROR [org.apache.catalina.core.ContainerBase.[Tomcat].[localhost].[/acme-jobs].[dispatcherServlet]] at org.apache.jsp.META_002dINF.views.framework.page_jsp._jspService(page_jsp.java:228): java.lang.NullPointerException
ERROR [org.apache.jsp.META_002dINF.views.framework.panic_jsp] HTTP GET /acme-jobs/master/panic HTTP/1.1
ERROR [org.apache.jsp.META_002dINF.views.framework.panic_jsp] Status: 500
ERROR [org.apache.jsp.META_002dINF.views.framework.panic_jsp] Exception: java.lang.NullPointerException
ERROR [org.apache.jsp.META_002dINF.views.framework.panic_jsp] HTTP GET /acme-jobs/META-INF/views/framework/page.jsp HTTP/1.1
ERROR [org.apache.jsp.META_002dINF.views.framework.panic_jsp] Status: 500
ERROR [org.apache.jsp.META_002dINF.views.framework.panic_jsp] Exception: java.lang.NullPointerException
ERROR [org.apache.catalina.core.ContainerBase.[Tomcat].[localhost].[/acme-jobs].[jsp]] at org.apache.jsp.META_002dINF.views.framework.page_jsp._jspService(page_jsp.java:228): java.lang.NullPointerException
ERROR [org.apache.catalina.core.ContainerBase.[Tomcat].[localhost].[/acme-jobs].[dispatcherServlet]] at org.apache.jsp.META_002dINF.views.framework.page_jsp._jspService(page_jsp.java:228): java.lang.NullPointerException
ERROR [org.apache.jsp.META_002dINF.views.framework.panic_jsp] HTTP GET /acme-jobs/master/panic HTTP/1.1
ERROR [org.apache.jsp.META_002dINF.views.framework.panic_jsp] Status: 500
ERROR [org.apache.jsp.META_002dINF.views.framework.panic_jsp] Exception: java.lang.NullPointerException
ERROR [org.apache.jsp.META_002dINF.views.framework.panic_jsp] HTTP GET /acme-jobs/META-INF/views/framework/page.jsp HTTP/1.1
ERROR [org.apache.jsp.META_002dINF.views.framework.panic_jsp] Status: 500
ERROR [org.apache.jsp.META_002dINF.views.framework.panic_jsp] Exception: java.lang.NullPointerException
ERROR [org.apache.catalina.core.ContainerBase.[Tomcat].[localhost].[/acme-jobs].[jsp]] at org.apache.jsp.META_002dINF.views.framework.page_jsp._jspService(page_jsp.java:228): java.lang.NullPointerException
ERROR [org.apache.catalina.core.ContainerBase.[Tomcat].[localhost].[/acme-jobs].[dispatcherServlet]] at org.apache.jsp.META_002dINF.views.framework.page_jsp._jspService(page_jsp.java:228): java.lang.NullPointerException
ERROR [org.apache.jsp.META_002dINF.views.framework.panic_jsp] HTTP GET /acme-jobs/master/panic HTTP/1.1
ERROR [org.apache.jsp.META_002dINF.views.framework.panic_jsp] Status: 500
ERROR [org.apache.jsp.META_002dINF.views.framework.panic_jsp] Exception: java.lang.NullPointerException
ERROR [org.apache.catalina.core.ContainerBase.[Tomcat].[localhost].[/acme-jobs].[jsp]] at org.apache.jsp.META_002dINF.views.framework.page_jsp._jspService(page_jsp.java:232): acme.entities.commercial.Commercial cannot be cast to acme.entities.nonCommercial.NonCommercial
ERROR [org.apache.catalina.core.ContainerBase.[Tomcat].[localhost].[/acme-jobs].[dispatcherServlet]] at org.apache.jsp.META_002dINF.views.framework.page_jsp._jspService(page_jsp.java:232): acme.entities.commercial.Commercial cannot be cast to acme.entities.nonCommercial.NonCommercial
ERROR [org.apache.catalina.core.ContainerBase.[Tomcat].[localhost]] at org.springframework.web.servlet.FrameworkServlet.processRequest(FrameworkServlet.java:1013): Request processing failed; nested exception is org.apache.tiles.request.render.CannotRenderException: ServletException including path '/META-INF/views/framework/page.jsp'.
at org.apache.tiles.impl.BasicTilesContainer.render(BasicTilesContainer.java:399): ServletException including path '/META-INF/views/framework/page.jsp'.
at org.apache.tiles.request.servlet.ServletUtil.wrapServletException(ServletUtil.java:61): ServletException including path '/META-INF/views/framework/page.jsp'.
at org.apache.jsp.META_002dINF.views.framework.page_jsp._jspService(page_jsp.java:232): acme.entities.commercial.Commercial cannot be cast to acme.entities.nonCommercial.NonCommercial
ERROR [org.apache.jsp.META_002dINF.views.framework.panic_jsp] HTTP GET /acme-jobs/META-INF/views/framework/page.jsp HTTP/1.1
ERROR [org.apache.jsp.META_002dINF.views.framework.panic_jsp] Status: 500
ERROR [org.apache.jsp.META_002dINF.views.framework.panic_jsp] Exception: java.lang.NullPointerException
ERROR [org.apache.catalina.core.ContainerBase.[Tomcat].[localhost].[/acme-jobs].[jsp]] at org.apache.jsp.META_002dINF.views.framework.page_jsp._jspService(page_jsp.java:228): java.lang.NullPointerException
ERROR [org.apache.catalina.core.ContainerBase.[Tomcat].[localhost].[/acme-jobs].[dispatcherServlet]] at org.apache.jsp.META_002dINF.views.framework.page_jsp._jspService(page_jsp.java:228): java.lang.NullPointerException
ERROR [org.apache.jsp.META_002dINF.views.framework.panic_jsp] HTTP GET /acme-jobs/master/panic HTTP/1.1
ERROR [org.apache.jsp.META_002dINF.views.framework.panic_jsp] Status: 500
ERROR [org.apache.jsp.META_002dINF.views.framework.panic_jsp] Exception: java.lang.NullPointerException
ERROR [org.apache.catalina.core.ContainerBase.[Tomcat].[localhost].[/acme-jobs].[jsp]] at org.apache.jsp.META_002dINF.views.framework.page_jsp._jspService(page_jsp.java:232): acme.entities.commercial.Commercial cannot be cast to acme.entities.nonCommercial.NonCommercial
ERROR [org.apache.catalina.core.ContainerBase.[Tomcat].[localhost].[/acme-jobs].[dispatcherServlet]] at org.apache.jsp.META_002dINF.views.framework.page_jsp._jspService(page_jsp.java:232): acme.entities.commercial.Commercial cannot be cast to acme.entities.nonCommercial.NonCommercial
ERROR [org.apache.catalina.core.ContainerBase.[Tomcat].[localhost]] at org.springframework.web.servlet.FrameworkServlet.processRequest(FrameworkServlet.java:1013): Request processing failed; nested exception is org.apache.tiles.request.render.CannotRenderException: ServletException including path '/META-INF/views/framework/page.jsp'.
at org.apache.tiles.impl.BasicTilesContainer.render(BasicTilesContainer.java:399): ServletException including path '/META-INF/views/framework/page.jsp'.
at org.apache.tiles.request.servlet.ServletUtil.wrapServletException(ServletUtil.java:61): ServletException including path '/META-INF/views/framework/page.jsp'.
at org.apache.jsp.META_002dINF.views.framework.page_jsp._jspService(page_jsp.java:232): acme.entities.commercial.Commercial cannot be cast to acme.entities.nonCommercial.NonCommercial
ERROR [org.apache.jsp.META_002dINF.views.framework.panic_jsp] HTTP GET /acme-jobs/META-INF/views/framework/page.jsp HTTP/1.1
ERROR [org.apache.jsp.META_002dINF.views.framework.panic_jsp] Status: 500
ERROR [org.apache.jsp.META_002dINF.views.framework.panic_jsp] Exception: java.lang.NullPointerException
ERROR [org.apache.catalina.core.ContainerBase.[Tomcat].[localhost].[/acme-jobs].[jsp]] at org.apache.jsp.META_002dINF.views.framework.page_jsp._jspService(page_jsp.java:228): java.lang.NullPointerException
ERROR [org.apache.catalina.core.ContainerBase.[Tomcat].[localhost].[/acme-jobs].[dispatcherServlet]] at org.apache.jsp.META_002dINF.views.framework.page_jsp._jspService(page_jsp.java:228): java.lang.NullPointerException
ERROR [org.apache.jsp.META_002dINF.views.framework.panic_jsp] HTTP GET /acme-jobs/master/panic HTTP/1.1
ERROR [org.apache.jsp.META_002dINF.views.framework.panic_jsp] Status: 500
ERROR [org.apache.jsp.META_002dINF.views.framework.panic_jsp] Exception: java.lang.NullPointerException
ERROR [org.apache.catalina.core.ContainerBase.[Tomcat].[localhost].[/acme-jobs].[jsp]] at org.apache.jsp.META_002dINF.views.framework.page_jsp._jspService(page_jsp.java:232): acme.entities.commercial.Commercial cannot be cast to acme.entities.nonCommercial.NonCommercial
ERROR [org.apache.catalina.core.ContainerBase.[Tomcat].[localhost].[/acme-jobs].[dispatcherServlet]] at org.apache.jsp.META_002dINF.views.framework.page_jsp._jspService(page_jsp.java:232): acme.entities.commercial.Commercial cannot be cast to acme.entities.nonCommercial.NonCommercial
ERROR [org.apache.catalina.core.ContainerBase.[Tomcat].[localhost]] at org.springframework.web.servlet.FrameworkServlet.processRequest(FrameworkServlet.java:1013): Request processing failed; nested exception is org.apache.tiles.request.render.CannotRenderException: ServletException including path '/META-INF/views/framework/page.jsp'.
at org.apache.tiles.impl.BasicTilesContainer.render(BasicTilesContainer.java:399): ServletException including path '/META-INF/views/framework/page.jsp'.
at org.apache.tiles.request.servlet.ServletUtil.wrapServletException(ServletUtil.java:61): ServletException including path '/META-INF/views/framework/page.jsp'.
at org.apache.jsp.META_002dINF.views.framework.page_jsp._jspService(page_jsp.java:232): acme.entities.commercial.Commercial cannot be cast to acme.entities.nonCommercial.NonCommercial
ERROR [org.apache.catalina.core.ContainerBase.[Tomcat].[localhost].[/acme-jobs].[jsp]] at org.apache.jsp.META_002dINF.views.framework.page_jsp._jspService(page_jsp.java:232): acme.entities.commercial.Commercial cannot be cast to acme.entities.nonCommercial.NonCommercial
ERROR [org.apache.catalina.core.ContainerBase.[Tomcat].[localhost].[/acme-jobs].[dispatcherServlet]] at org.apache.jsp.META_002dINF.views.framework.page_jsp._jspService(page_jsp.java:232): acme.entities.commercial.Commercial cannot be cast to acme.entities.nonCommercial.NonCommercial
ERROR [org.apache.jsp.META_002dINF.views.framework.panic_jsp] HTTP GET /acme-jobs/master/panic HTTP/1.1
ERROR [org.apache.jsp.META_002dINF.views.framework.panic_jsp] Status: 500
ERROR [org.apache.jsp.META_002dINF.views.framework.panic_jsp] Exception: org.springframework.web.servlet.FrameworkServlet.processRequest(FrameworkServlet.java:1013): Request processing failed; nested exception is org.apache.tiles.request.render.CannotRenderException: ServletException including path '/META-INF/views/framework/page.jsp'.
org.apache.tiles.impl.BasicTilesContainer.render(BasicTilesContainer.java:399): ServletException including path '/META-INF/views/framework/page.jsp'.
org.apache.tiles.request.servlet.ServletUtil.wrapServletException(ServletUtil.java:61): ServletException including path '/META-INF/views/framework/page.jsp'.
org.apache.jsp.META_002dINF.views.framework.page_jsp._jspService(page_jsp.java:232): acme.entities.commercial.Commercial cannot be cast to acme.entities.nonCommercial.NonCommercial
ERROR [org.apache.jsp.META_002dINF.views.framework.panic_jsp] HTTP GET /acme-jobs/META-INF/views/framework/page.jsp HTTP/1.1
ERROR [org.apache.jsp.META_002dINF.views.framework.panic_jsp] Status: 500
ERROR [org.apache.jsp.META_002dINF.views.framework.panic_jsp] Exception: java.lang.NullPointerException
ERROR [org.apache.catalina.core.ContainerBase.[Tomcat].[localhost].[/acme-jobs].[jsp]] at org.apache.jsp.META_002dINF.views.framework.page_jsp._jspService(page_jsp.java:229): java.lang.NullPointerException
ERROR [org.apache.catalina.core.ContainerBase.[Tomcat].[localhost].[/acme-jobs].[dispatcherServlet]] at org.apache.jsp.META_002dINF.views.framework.page_jsp._jspService(page_jsp.java:229): java.lang.NullPointerException
ERROR [org.apache.jsp.META_002dINF.views.framework.panic_jsp] HTTP GET /acme-jobs/master/panic HTTP/1.1
ERROR [org.apache.jsp.META_002dINF.views.framework.panic_jsp] Status: 500
ERROR [org.apache.jsp.META_002dINF.views.framework.panic_jsp] Exception: java.lang.NullPointerException
ERROR [org.apache.catalina.core.ContainerBase.[Tomcat].[localhost].[/acme-jobs].[jsp]] at org.apache.jsp.META_002dINF.views.framework.page_jsp._jspService(page_jsp.java:229): java.lang.NullPointerException
ERROR [org.apache.catalina.core.ContainerBase.[Tomcat].[localhost].[/acme-jobs].[dispatcherServlet]] at org.apache.jsp.META_002dINF.views.framework.page_jsp._jspService(page_jsp.java:229): java.lang.NullPointerException
ERROR [org.apache.catalina.core.ContainerBase.[Tomcat].[localhost]] at org.springframework.web.servlet.FrameworkServlet.processRequest(FrameworkServlet.java:1013): Request processing failed; nested exception is org.apache.tiles.request.render.CannotRenderException: ServletException including path '/META-INF/views/framework/page.jsp'.
at org.apache.tiles.impl.BasicTilesContainer.render(BasicTilesContainer.java:399): ServletException including path '/META-INF/views/framework/page.jsp'.
at org.apache.tiles.request.servlet.ServletUtil.wrapServletException(ServletUtil.java:61): ServletException including path '/META-INF/views/framework/page.jsp'.
at org.apache.jsp.META_002dINF.views.framework.page_jsp._jspService(page_jsp.java:229): java.lang.NullPointerException
ERROR [org.apache.catalina.util.LifecycleBase] at org.apache.catalina.connector.Connector.startInternal(Connector.java:1008): Protocol handler start failed
at sun.nio.ch.Net.bind0(Native Method): Address already in use: bind
ERROR [org.springframework.boot.diagnostics.LoggingFailureAnalysisReporter] ***************************
APPLICATION FAILED TO START
***************************
Description:
The Tomcat connector configured to listen on port 8080 failed to start. The port may already be in use or the connector may be misconfigured.
Action:
Verify the connector's configuration, identify and stop any process that's listening on port 8080, or configure this application to listen on another port.
ERROR [org.apache.catalina.core.ContainerBase.[Tomcat].[localhost].[/acme-jobs].[jsp]] at org.apache.jsp.META_002dINF.views.framework.page_jsp._jspService(page_jsp.java:234): java.lang.String cannot be cast to acme.entities.nonCommercial.NonCommercial
ERROR [org.apache.catalina.core.ContainerBase.[Tomcat].[localhost].[/acme-jobs].[dispatcherServlet]] at org.apache.jsp.META_002dINF.views.framework.page_jsp._jspService(page_jsp.java:234): java.lang.String cannot be cast to acme.entities.nonCommercial.NonCommercial
ERROR [org.apache.jsp.META_002dINF.views.framework.panic_jsp] HTTP GET /acme-jobs/master/panic HTTP/1.1
ERROR [org.apache.jsp.META_002dINF.views.framework.panic_jsp] Status: 500
ERROR [org.apache.jsp.META_002dINF.views.framework.panic_jsp] Exception: org.springframework.web.servlet.FrameworkServlet.processRequest(FrameworkServlet.java:1013): Request processing failed; nested exception is org.apache.tiles.request.render.CannotRenderException: ServletException including path '/META-INF/views/framework/page.jsp'.
org.apache.tiles.impl.BasicTilesContainer.render(BasicTilesContainer.java:399): ServletException including path '/META-INF/views/framework/page.jsp'.
org.apache.tiles.request.servlet.ServletUtil.wrapServletException(ServletUtil.java:61): ServletException including path '/META-INF/views/framework/page.jsp'.
org.apache.jsp.META_002dINF.views.framework.page_jsp._jspService(page_jsp.java:234): java.lang.String cannot be cast to acme.entities.nonCommercial.NonCommercial
ERROR [org.apache.catalina.core.ContainerBase.[Tomcat].[localhost].[/acme-jobs].[jsp]] at org.apache.jsp.META_002dINF.views.framework.page_jsp._jspService(page_jsp.java:234): java.lang.String cannot be cast to acme.entities.nonCommercial.NonCommercial
ERROR [org.apache.catalina.core.ContainerBase.[Tomcat].[localhost].[/acme-jobs].[dispatcherServlet]] at org.apache.jsp.META_002dINF.views.framework.page_jsp._jspService(page_jsp.java:234): java.lang.String cannot be cast to acme.entities.nonCommercial.NonCommercial
ERROR [org.apache.jsp.META_002dINF.views.framework.panic_jsp] HTTP GET /acme-jobs/master/panic HTTP/1.1
ERROR [org.apache.jsp.META_002dINF.views.framework.panic_jsp] Status: 500
ERROR [org.apache.jsp.META_002dINF.views.framework.panic_jsp] Exception: org.springframework.web.servlet.FrameworkServlet.processRequest(FrameworkServlet.java:1013): Request processing failed; nested exception is org.apache.tiles.request.render.CannotRenderException: ServletException including path '/META-INF/views/framework/page.jsp'.
org.apache.tiles.impl.BasicTilesContainer.render(BasicTilesContainer.java:399): ServletException including path '/META-INF/views/framework/page.jsp'.
org.apache.tiles.request.servlet.ServletUtil.wrapServletException(ServletUtil.java:61): ServletException including path '/META-INF/views/framework/page.jsp'.
org.apache.jsp.META_002dINF.views.framework.page_jsp._jspService(page_jsp.java:234): java.lang.String cannot be cast to acme.entities.nonCommercial.NonCommercial
ERROR [org.apache.catalina.core.ContainerBase.[Tomcat].[localhost].[/acme-jobs].[jsp]] at org.apache.jsp.META_002dINF.views.framework.page_jsp._jspService(page_jsp.java:234): java.lang.String cannot be cast to acme.entities.nonCommercial.NonCommercial
ERROR [org.apache.catalina.core.ContainerBase.[Tomcat].[localhost].[/acme-jobs].[dispatcherServlet]] at org.apache.jsp.META_002dINF.views.framework.page_jsp._jspService(page_jsp.java:234): java.lang.String cannot be cast to acme.entities.nonCommercial.NonCommercial
ERROR [org.apache.jsp.META_002dINF.views.framework.panic_jsp] HTTP GET /acme-jobs/master/panic HTTP/1.1
ERROR [org.apache.jsp.META_002dINF.views.framework.panic_jsp] Status: 500
ERROR [org.apache.jsp.META_002dINF.views.framework.panic_jsp] Exception: org.springframework.web.servlet.FrameworkServlet.processRequest(FrameworkServlet.java:1013): Request processing failed; nested exception is org.apache.tiles.request.render.CannotRenderException: ServletException including path '/META-INF/views/framework/page.jsp'.
org.apache.tiles.impl.BasicTilesContainer.render(BasicTilesContainer.java:399): ServletException including path '/META-INF/views/framework/page.jsp'.
org.apache.tiles.request.servlet.ServletUtil.wrapServletException(ServletUtil.java:61): ServletException including path '/META-INF/views/framework/page.jsp'.
org.apache.jsp.META_002dINF.views.framework.page_jsp._jspService(page_jsp.java:234): java.lang.String cannot be cast to acme.entities.nonCommercial.NonCommercial
ERROR [org.apache.catalina.core.ContainerBase.[Tomcat].[localhost].[/acme-jobs].[jsp]] at org.apache.jsp.META_002dINF.views.framework.page_jsp._jspService(page_jsp.java:234): java.lang.String cannot be cast to acme.entities.nonCommercial.NonCommercial
ERROR [org.apache.catalina.core.ContainerBase.[Tomcat].[localhost].[/acme-jobs].[dispatcherServlet]] at org.apache.jsp.META_002dINF.views.framework.page_jsp._jspService(page_jsp.java:234): java.lang.String cannot be cast to acme.entities.nonCommercial.NonCommercial
ERROR [org.apache.jsp.META_002dINF.views.framework.panic_jsp] HTTP GET /acme-jobs/master/panic HTTP/1.1
ERROR [org.apache.jsp.META_002dINF.views.framework.panic_jsp] Status: 500
ERROR [org.apache.jsp.META_002dINF.views.framework.panic_jsp] Exception: org.springframework.web.servlet.FrameworkServlet.processRequest(FrameworkServlet.java:1013): Request processing failed; nested exception is org.apache.tiles.request.render.CannotRenderException: ServletException including path '/META-INF/views/framework/page.jsp'.
org.apache.tiles.impl.BasicTilesContainer.render(BasicTilesContainer.java:399): ServletException including path '/META-INF/views/framework/page.jsp'.
org.apache.tiles.request.servlet.ServletUtil.wrapServletException(ServletUtil.java:61): ServletException including path '/META-INF/views/framework/page.jsp'.
org.apache.jsp.META_002dINF.views.framework.page_jsp._jspService(page_jsp.java:234): java.lang.String cannot be cast to acme.entities.nonCommercial.NonCommercial
ERROR [org.apache.catalina.core.ContainerBase.[Tomcat].[localhost].[/acme-jobs].[jsp]] at org.apache.jsp.META_002dINF.views.framework.page_jsp._jspService(page_jsp.java:234): java.lang.String cannot be cast to acme.entities.nonCommercial.NonCommercial
ERROR [org.apache.catalina.core.ContainerBase.[Tomcat].[localhost].[/acme-jobs].[dispatcherServlet]] at org.apache.jsp.META_002dINF.views.framework.page_jsp._jspService(page_jsp.java:234): java.lang.String cannot be cast to acme.entities.nonCommercial.NonCommercial
ERROR [org.apache.jsp.META_002dINF.views.framework.panic_jsp] HTTP GET /acme-jobs/master/panic HTTP/1.1
ERROR [org.apache.jsp.META_002dINF.views.framework.panic_jsp] Status: 500
ERROR [org.apache.jsp.META_002dINF.views.framework.panic_jsp] Exception: org.springframework.web.servlet.FrameworkServlet.processRequest(FrameworkServlet.java:1013): Request processing failed; nested exception is org.apache.tiles.request.render.CannotRenderException: ServletException including path '/META-INF/views/framework/page.jsp'.
org.apache.tiles.impl.BasicTilesContainer.render(BasicTilesContainer.java:399): ServletException including path '/META-INF/views/framework/page.jsp'.
org.apache.tiles.request.servlet.ServletUtil.wrapServletException(ServletUtil.java:61): ServletException including path '/META-INF/views/framework/page.jsp'.
org.apache.jsp.META_002dINF.views.framework.page_jsp._jspService(page_jsp.java:234): java.lang.String cannot be cast to acme.entities.nonCommercial.NonCommercial
ERROR [org.apache.catalina.util.LifecycleBase] at org.apache.catalina.connector.Connector.startInternal(Connector.java:1008): Protocol handler start failed
at sun.nio.ch.Net.bind0(Native Method): Address already in use: bind
ERROR [org.springframework.boot.diagnostics.LoggingFailureAnalysisReporter] ***************************
APPLICATION FAILED TO START
***************************
Description:
The Tomcat connector configured to listen on port 8080 failed to start. The port may already be in use or the connector may be misconfigured.
Action:
Verify the connector's configuration, identify and stop any process that's listening on port 8080, or configure this application to listen on another port.
